TrinityCore rev. 300223686bd5+ 2021-11-06 08:29:12 +0100 (pointers-rewrite branch) (Win64, RelWithDebInfo, Dynamic) (worldserver-daemon)
<Ctrl-C> to stop.

 ______                       __
/\__  _\       __          __/\ \__
\/_/\ \/ _ __ /\_\    ___ /\_\ \, _\  __  __
   \ \ \/\`'__\/\ \ /' _ `\/\ \ \ \/ /\ \/\ \
    \ \ \ \ \/ \ \ \/\ \/\ \ \ \ \ \_\ \ \_\ \
     \ \_\ \_\  \ \_\ \_\ \_\ \_\ \__\\/`____ \
      \/_/\/_/   \/_/\/_/\/_/\/_/\/__/ `/___/> \
                                 C O R E  /\___/
http://TrinityCore.org                    \/__/

Using configuration file C:/TSWoW/TSWoW/modules/default/realms/realm/worldserver.conf.
Using SSL version: OpenSSL 1.1.1h  22 Sep 2020 (library: OpenSSL 1.1.1h  22 Sep 2020)
Using Boost version: 1.72.0
Automatic database updates are disabled for all databases!
Realm running as realm ID 1
Using World DB: TDB 335.21091
RecruitAFriend.MaxLevel (60) must be in the range 0..MaxLevel(20). Set to 60.
Will clear `logs` table of entries older than 1209600 seconds every 10 minutes.
Client cache version set to: 21091
Using DataDir C:\\TSWoW\\TSWoW\\modules\\default\\datasets\\dataset/
WORLD: MMap data directory is: C:\\TSWoW\\TSWoW\\modules\\default\\datasets\\dataset/mmaps
VMap support included. LineOfSight: 1, getHeight: 1, indoorCheck: 1
VMap data directory is: C:\\TSWoW\\TSWoW\\modules\\default\\datasets\\dataset/vmaps
Loading Trinity strings...
>> Loaded 1031 trinity strings in 3 ms
Initialize data stores...
>> Initialized 116 data stores in 1208 ms
Using enUS DBC Locale as default. All available DBC locales: enUS 
>> Loading Cinematic Camera files
>> Loaded 0 cinematic waypoint sets in 1 ms
Loading IP Location Database...
Initializing PlayerDump tables...
>> Initialized tables for PlayerDump in 37 ms.
Loading SpellInfo store...
>> Loaded SpellInfo store in 116 ms
Loading SpellInfo corrections...
>> Loaded SpellInfo corrections in 12 ms
Loading SkillLineAbilityMultiMap Data...
>> Loaded 10219 SkillLineAbility MultiMap Data in 2 ms
Loading SpellInfo custom attributes...
>> Loaded 266 spell custom attributes from DB in 1 ms
>> Loaded SpellInfo custom attributes in 38 ms
Loading SpellInfo diminishing infos...
>> Loaded SpellInfo diminishing infos in 7 ms
Loading SpellInfo immunity infos...
>> Loaded SpellInfo immunity infos in 10 ms
Loading Player Totem models...
>> Loaded 20 player totem model records in 1 ms
Loading GameObject models...
Loading Script Names...
>> Loaded 3011 ScriptNames in 136 ms
Loading Instance Template...
>> Loaded 84 instance templates in 1 ms
Loading instances...
>> Loaded instances in 6 ms
Loading character cache store...
Loaded character infos for 4 characters in 0 ms
Loading Broadcast texts...
>> Loaded 73056 broadcast texts in 208 ms
>> Loaded 73056 broadcast text locales in 1065 ms
Loading Localization strings...
>> Loaded 27246 creature locale strings in 253 ms
>> Loaded 20034 gameobject_template_locale strings in 160 ms
>> Loaded 38133 Item locale strings in 383 ms
>> Loaded 2481 Item set name locale strings in 12 ms
>> Loaded 9458 Quest locale strings in 346 ms
>> Loaded 7203 Quest Offer Reward locale strings in 89 ms
>> Loaded 5251 Quest Request Items locale strings in 46 ms
>> Loaded 26 NpcText locale strings in 1 ms
>> Loaded 1946 PageText locale strings in 44 ms
>> Loaded 1 gossip_menu_option locale strings in 1 ms
>> Loaded 453 points_of_interest locale strings in 4 ms
>> Loaded 80 quest greeting locale strings in 1 ms
>> Localization strings loaded in 1342 ms
Loading Account Roles and Permissions...
>> Loaded 672 permission definitions, 651 linked permissions and 4 default permissions in 8 ms
Loading Page Texts...
>> Loaded 1951 page texts in 9 ms
Loading Game Object Templates...
>> Loaded 50918 game object templates in 228 ms
Loading Game Object template addons...
>> Loaded 21485 game object template addons in 31 ms
Loading Transport templates...
>> Loaded 10 transport templates in 21 ms
Loading Transport animations and rotations...
Loading Spell Rank Data...
>> Loaded 3465 spell rank records in 5 ms
Loading Spell Required Data...
>> Loaded 41 spell required records in 1 ms
Loading Spell Group types...
>> Loaded 551 spell group definitions in 1 ms
Loading Spell Learn Skills...
>> Loaded 103 Spell Learn Skills from DBC in 3 ms
Loading SpellInfo SpellSpecific and AuraState...
>> Loaded SpellInfo SpellSpecific and AuraState in 9 ms
Loading Spell Learn Spells...
>> Loaded 8 spell learn spells + 574 found in DBC in 5 ms
Loading Spell Proc conditions and data...
>> Loaded 845 spell proc conditions and data in 4 ms
Generating spell proc data from SpellMap...
>> Generated spell proc data for 1386 spells in 3 ms
Loading Spell Bonus Data...
>> Loaded 216 extra spell bonus data in 2 ms
Loading Aggro Spells Definitions...
>> Loaded 106 SpellThreatEntries in 1 ms
Loading Spell Group Stack Rules...
>> Loaded 66 spell group stack rules in 1 ms
>> Parsing SPELL_GROUP_STACK_RULE_EXCLUSIVE_SAME_EFFECT stack rules...
>> Parsed 14 SPELL_GROUP_STACK_RULE_EXCLUSIVE_SAME_EFFECT stack rules in 0 ms
Loading NPC Texts...
>> Loaded 8294 npc texts in 84 ms
Loading Enchant Spells Proc datas...
>> Loaded 42 enchant proc data definitions in 1 ms
Loading Item Random Enchantments Table...
>> Loaded 28915 Item Enchantment definitions in 19 ms
Loading Disables
>> Loaded 864 disables in 3 ms
Loading Items...
>> Loaded 39679 item templates in 659 ms
Loading Item set names...
>> Loaded 2481 item set names in 4 ms
Loading Creature Model Based Info Data...
>> Loaded 24143 creature model based info in 32 ms
Loading Creature template outfits...
>> Loaded 0 creature outfits. DB table `creature_template_outfits` is empty!
Loading Creature templates...
>> Loaded 1606 creature template resistances in 5 ms
>> Loaded 9644 creature template spells in 10 ms
>> Loaded 30037 creature definitions in 298 ms
Loading Equipment templates...
>> Loaded 10900 equipment templates in 13 ms
Loading Creature template addons...
>> Loaded 15677 creature template addons in 21 ms
Loading Reputation Reward Rates...
>> Loaded 16 reputation_reward_rate in 2 ms
Loading Creature Reputation OnKill Data...
>> Loaded 2008 creature award reputation definitions in 5 ms
Loading Reputation Spillover Data...
>> Loaded 26 reputation_spillover_template in 1 ms
Loading Points Of Interest Data...
>> Loaded 453 Points of Interest definitions in 2 ms
Loading Creature Base Stats...
>> Loaded 400 creature base stats in 5 ms
Loading Spawn Group Templates...
>> Loaded 69 spawn group templates in 1 ms
Loading instance spawn groups...
>> Loaded 55 instance spawn groups in 1 ms
Loading Creature Data...
>> Loaded 153000 creatures in 1002 ms
Loading Temporary Summon Data...
>> Loaded 1096 temp summons in 5 ms
Loading pet levelup spells...
>> Loaded 993 pet levelup and default spells for 39 families in 3 ms
Loading pet default spells additional to levelup spells...
>> Loaded addition spells for 113 pet spell data entries in 3 ms
Loading summonable creature templates...
>> Loaded 464 summonable creature templates in 5 ms
Loading Creature Addon Data...
>> Loaded 32800 creature addons in 51 ms
Loading Creature Movement Overrides...
>> Loaded 10 movement overrides in 1 ms
Loading Gameobject Data...
>> Loaded 143031 gameobjects in 6279 ms
Loading Spawn Group Data...
>> Loaded 97224 spawn group members in 64 ms
Loading GameObject Addon Data...
>> Loaded 59645 gameobject addons in 87 ms
Loading GameObject faction and flags overrides...
>> Loaded 20 gameobject faction and flags overrides in 1 ms
Loading GameObject Quest Items...
>> Loaded 857 gameobject quest items in 2 ms
Loading Creature Quest Items...
>> Loaded 4391 creature quest items in 5 ms
Loading Creature Linked Respawn...
>> Loaded 4763 linked respawns in 5 ms
Loading Weather Data...
>> Loaded 35 weather definitions in 1 ms
Loading Quests...
>> Loaded 9500 quests definitions in 206 ms
Checking Quest Disables
>> Checked 692 quest disables in 0 ms
Loading Quest POI
>> Loaded 8955 quest POI definitions in 70 ms
Loading Quests Starters and Enders...
Loading GO Start Quest Data...
>> Loaded 446 quest relations from gameobject_queststarter in 2 ms
Loading GO End Quest Data...
>> Loaded 457 quest relations from gameobject_questender in 1 ms
Loading Creature Start Quest Data...
>> Loaded 7457 quest relations from creature_queststarter in 7 ms
Loading Creature End Quest Data...
>> Loaded 7895 quest relations from creature_questender in 7 ms
Loading Quests Greetings...
>> Loaded 178 quest_greeting in 2 ms
Loading Objects Pooling Data...
>> Loaded 3567 objects pools in 3 ms
Loading Creatures Pooling Data...
>> Loaded 1448 creatures in pools in 7 ms
Loading Gameobject Pooling Data...
>> Loaded 76328 gameobject in pools in 80 ms
Loading Mother Pooling Data...
>> Loaded 2589 pools in mother pools in 13 ms
Starting objects pooling system...
